c:\users\paullin\documents\workspace\testcpp\guesswhat\guesswhat\debug\guesswhat.pch
c:\users\paullin\documents\workspace\testcpp\guesswhat\guesswhat\debug\vc141.pdb
c:\users\paullin\documents\workspace\testcpp\guesswhat\guesswhat\debug\vc141.idb
c:\users\paullin\documents\workspace\testcpp\guesswhat\guesswhat\debug\pch.obj
c:\users\paullin\documents\workspace\testcpp\guesswhat\guesswhat\debug\quicksort.obj
c:\users\paullin\documents\workspace\testcpp\guesswhat\guesswhat\debug\wordsmachine.obj
c:\users\paullin\documents\workspace\testcpp\guesswhat\guesswhat\debug\templatejungle.obj
c:\users\paullin\documents\workspace\testcpp\guesswhat\guesswhat\debug\stringworks.obj
c:\users\paullin\documents\workspace\testcpp\guesswhat\guesswhat\debug\fibonacci.obj
c:\users\paullin\documents\workspace\testcpp\guesswhat\guesswhat\debug\stack.obj
c:\users\paullin\documents\workspace\testcpp\guesswhat\guesswhat\debug\polygon.obj
c:\users\paullin\documents\workspace\testcpp\guesswhat\guesswhat\debug\guesswhat.obj
c:\users\paullin\documents\workspace\testcpp\guesswhat\guesswhat\debug\dailyused.obj
c:\users\paullin\documents\workspace\testcpp\guesswhat\guesswhat\debug\btree.obj
c:\users\paullin\documents\workspace\testcpp\guesswhat\debug\guesswhat.ilk
c:\users\paullin\documents\workspace\testcpp\guesswhat\debug\guesswhat.exe
c:\users\paullin\documents\workspace\testcpp\guesswhat\debug\guesswhat.pdb
c:\users\paullin\documents\workspace\testcpp\guesswhat\guesswhat\debug\guesswhat.tlog\cl.command.1.tlog
c:\users\paullin\documents\workspace\testcpp\guesswhat\guesswhat\debug\guesswhat.tlog\cl.read.1.tlog
c:\users\paullin\documents\workspace\testcpp\guesswhat\guesswhat\debug\guesswhat.tlog\cl.write.1.tlog
c:\users\paullin\documents\workspace\testcpp\guesswhat\guesswhat\debug\guesswhat.tlog\link.command.1.tlog
c:\users\paullin\documents\workspace\testcpp\guesswhat\guesswhat\debug\guesswhat.tlog\link.read.1.tlog
c:\users\paullin\documents\workspace\testcpp\guesswhat\guesswhat\debug\guesswhat.tlog\link.write.1.tlog
