c:\users\paullin\documents\workspace\testcpp\guesswhat\guesswhat\x64\debug\vc141.pdb
c:\users\paullin\documents\workspace\testcpp\guesswhat\guesswhat\x64\debug\vc141.idb
c:\users\paullin\documents\workspace\testcpp\guesswhat\guesswhat\x64\debug\wordsmachine.obj
c:\users\paullin\documents\workspace\testcpp\guesswhat\guesswhat\x64\debug\usingstd.obj
c:\users\paullin\documents\workspace\testcpp\guesswhat\guesswhat\x64\debug\templatejungle.obj
c:\users\paullin\documents\workspace\testcpp\guesswhat\guesswhat\x64\debug\stringworks.obj
c:\users\paullin\documents\workspace\testcpp\guesswhat\guesswhat\x64\debug\stackoverflowdemo.obj
c:\users\paullin\documents\workspace\testcpp\guesswhat\guesswhat\x64\debug\stackdemo1.obj
c:\users\paullin\documents\workspace\testcpp\guesswhat\guesswhat\x64\debug\fibonacci.obj
c:\users\paullin\documents\workspace\testcpp\guesswhat\guesswhat\x64\debug\stack.obj
c:\users\paullin\documents\workspace\testcpp\guesswhat\guesswhat\x64\debug\primenumber.obj
c:\users\paullin\documents\workspace\testcpp\guesswhat\guesswhat\x64\debug\polygon.obj
c:\users\paullin\documents\workspace\testcpp\guesswhat\guesswhat\x64\debug\numbercomplement.obj
c:\users\paullin\documents\workspace\testcpp\guesswhat\guesswhat\x64\debug\listdemo.obj
c:\users\paullin\documents\workspace\testcpp\guesswhat\guesswhat\x64\debug\humming.obj
c:\users\paullin\documents\workspace\testcpp\guesswhat\guesswhat\x64\debug\guesswhat.obj
c:\users\paullin\documents\workspace\testcpp\guesswhat\guesswhat\x64\debug\findtwosum.obj
c:\users\paullin\documents\workspace\testcpp\guesswhat\guesswhat\x64\debug\dailyused.obj
c:\users\paullin\documents\workspace\testcpp\guesswhat\guesswhat\x64\debug\countwords.obj
c:\users\paullin\documents\workspace\testcpp\guesswhat\guesswhat\x64\debug\btree.obj
c:\users\paullin\documents\workspace\testcpp\guesswhat\guesswhat\x64\debug\binarysearch.obj
c:\users\paullin\documents\workspace\testcpp\guesswhat\guesswhat\x64\debug\async.obj
c:\users\paullin\documents\workspace\testcpp\guesswhat\guesswhat\x64\debug\quicksort.obj
c:\users\paullin\documents\workspace\testcpp\repos\guesswhat\guesswhat\x64\debug\vc141.pdb
c:\users\paullin\documents\workspace\testcpp\repos\guesswhat\guesswhat\x64\debug\vc141.idb
c:\users\paullin\documents\workspace\testcpp\repos\guesswhat\guesswhat\x64\debug\wordsmachine.obj
c:\users\paullin\documents\workspace\testcpp\repos\guesswhat\guesswhat\x64\debug\usingstd.obj
c:\users\paullin\documents\workspace\testcpp\repos\guesswhat\guesswhat\x64\debug\templatejungle.obj
c:\users\paullin\documents\workspace\testcpp\repos\guesswhat\guesswhat\x64\debug\stringworks.obj
c:\users\paullin\documents\workspace\testcpp\repos\guesswhat\guesswhat\x64\debug\stackoverflowdemo.obj
c:\users\paullin\documents\workspace\testcpp\repos\guesswhat\guesswhat\x64\debug\stackdemo1.obj
c:\users\paullin\documents\workspace\testcpp\repos\guesswhat\guesswhat\x64\debug\fibonacci.obj
c:\users\paullin\documents\workspace\testcpp\repos\guesswhat\guesswhat\x64\debug\stack.obj
c:\users\paullin\documents\workspace\testcpp\repos\guesswhat\guesswhat\x64\debug\primenumber.obj
c:\users\paullin\documents\workspace\testcpp\repos\guesswhat\guesswhat\x64\debug\polygon.obj
c:\users\paullin\documents\workspace\testcpp\repos\guesswhat\guesswhat\x64\debug\numbercomplement.obj
c:\users\paullin\documents\workspace\testcpp\repos\guesswhat\guesswhat\x64\debug\listdemo.obj
c:\users\paullin\documents\workspace\testcpp\repos\guesswhat\guesswhat\x64\debug\humming.obj
c:\users\paullin\documents\workspace\testcpp\repos\guesswhat\guesswhat\x64\debug\guesswhat.obj
c:\users\paullin\documents\workspace\testcpp\repos\guesswhat\guesswhat\x64\debug\findtwosum.obj
c:\users\paullin\documents\workspace\testcpp\repos\guesswhat\guesswhat\x64\debug\dailyused.obj
c:\users\paullin\documents\workspace\testcpp\repos\guesswhat\guesswhat\x64\debug\countwords.obj
c:\users\paullin\documents\workspace\testcpp\repos\guesswhat\guesswhat\x64\debug\btree.obj
c:\users\paullin\documents\workspace\testcpp\repos\guesswhat\guesswhat\x64\debug\binarysearch.obj
c:\users\paullin\documents\workspace\testcpp\repos\guesswhat\guesswhat\x64\debug\async.obj
c:\users\paullin\documents\workspace\testcpp\repos\guesswhat\guesswhat\x64\debug\quicksort.obj
c:\users\paullin\documents\workspace\testcpp\guesswhat\x64\debug\guesswhat.ilk
c:\users\paullin\documents\workspace\testcpp\guesswhat\x64\debug\guesswhat.exe
c:\users\paullin\documents\workspace\testcpp\guesswhat\x64\debug\guesswhat.pdb
c:\users\paullin\documents\workspace\testcpp\repos\guesswhat\x64\debug\guesswhat.exe
c:\users\paullin\documents\workspace\testcpp\repos\guesswhat\x64\debug\guesswhat.ilk
c:\users\paullin\documents\workspace\testcpp\repos\guesswhat\x64\debug\guesswhat.pdb
c:\users\paullin\documents\workspace\testcpp\repos\guesswhat\guesswhat\x64\debug\async.obj.enc
c:\users\paullin\documents\workspace\testcpp\repos\guesswhat\guesswhat\x64\debug\guesswhat.tlog\cl.command.1.tlog
c:\users\paullin\documents\workspace\testcpp\repos\guesswhat\guesswhat\x64\debug\guesswhat.tlog\cl.read.1.tlog
c:\users\paullin\documents\workspace\testcpp\repos\guesswhat\guesswhat\x64\debug\guesswhat.tlog\cl.write.1.tlog
c:\users\paullin\documents\workspace\testcpp\repos\guesswhat\guesswhat\x64\debug\guesswhat.tlog\link.command.1.tlog
c:\users\paullin\documents\workspace\testcpp\repos\guesswhat\guesswhat\x64\debug\guesswhat.tlog\link.read.1.tlog
c:\users\paullin\documents\workspace\testcpp\repos\guesswhat\guesswhat\x64\debug\guesswhat.tlog\link.write.1.tlog
